  0.571665  0.302491  0.722910 -0.571665  0.759822 -0.191754
  0.750733  0.460954  0.405983 -0.750733  0.601359  0.125173
  0.728642  0.638228  0.051434 -0.728642  0.424085  0.479721
  0.511313  0.786812 -0.245735 -0.511313  0.275500  0.776890
  0.156978  0.866894 -0.405898 -0.156978  0.195419  0.937054
 -0.239420  0.857015 -0.386140  0.239420  0.205298  0.917295
 -0.104394  0.576908  0.772774 -0.905926 -0.248634 -0.241618
 -0.180291  0.826944  0.473876 -0.830028 -0.498671  0.057280
 -0.343237  0.899382  0.119164 -0.667082 -0.571108  0.411991
 -0.549570  0.774811 -0.196316 -0.460749 -0.446538  0.727471
 -0.744003  0.486611 -0.388032 -0.266316 -0.158337  0.919187
 -0.874439  0.112004 -0.404614 -0.135881  0.216270  0.935769
 -0.103588 -0.157342  0.951532 -0.520824 -0.702087 -0.420376
 -0.440622  0.033129  0.863513 -0.183789 -0.892558 -0.332357
 -0.743248  0.099581  0.615278  0.118836 -0.959011 -0.084122
 -0.930376  0.024209  0.273340  0.305964 -0.883639  0.257815
 -0.951866 -0.172791 -0.070677  0.327454 -0.686638  0.601832
 -0.801959 -0.438634 -0.324595  0.177548 -0.420795  0.855750
  0.587542  0.080591  0.767593  0.036869 -0.940020 -0.236437
  0.846393  0.082618  0.466576 -0.221981 -0.942048  0.064579
  0.962108 -0.052633  0.111702 -0.337697 -0.806796  0.419454
  0.903683 -0.288924 -0.201941 -0.279271 -0.570506  0.733097
  0.686772 -0.562939 -0.390313 -0.062360 -0.296490  0.921469
  0.369496 -0.801257 -0.402940  0.254916 -0.058172  0.934095
  0.109930  0.629574  0.729693  0.900389 -0.301301 -0.198537
  0.202816  0.852993  0.414931  0.807503 -0.524720  0.116224
  0.376715  0.891834  0.060150  0.633604 -0.563560  0.471005
  0.585031  0.735688 -0.239586  0.425289 -0.407415  0.770742
  0.771945  0.426396 -0.403965  0.238374 -0.098123  0.935120
  0.887374  0.046832 -0.388940  0.122945  0.281442  0.920095
  0.460181  0.613575  0.593851 -0.460181 -0.613575  0.593851
  0.091741  0.761462  0.593851 -0.091741 -0.761462  0.593851
 -0.301281  0.705316  0.593851  0.301281 -0.705316  0.593851
 -0.613575  0.460181  0.593851  0.613575 -0.460181  0.593851
 -0.761462  0.091741  0.593851  0.761462 -0.091741  0.593851
 -0.705316 -0.301281  0.593851  0.705316  0.301281  0.593851
  0.571665 -0.759822  0.191754 -0.571665 -0.302491 -0.722910
  0.750733 -0.601359 -0.125173 -0.750733 -0.460954 -0.405983
  0.728642 -0.424085 -0.479721 -0.728642 -0.638228 -0.051434
  0.511313 -0.275500 -0.776890 -0.511313 -0.786812  0.245735
  0.156978 -0.195419 -0.937054 -0.156978 -0.866894  0.405898
 -0.239420 -0.205298 -0.917295  0.239420 -0.857015  0.386140
  0.905926  0.248634  0.241618  0.104394 -0.576908 -0.772774
  0.830028  0.498671 -0.057280  0.180291 -0.826944 -0.473876
  0.667082  0.571108 -0.411991  0.343237 -0.899382 -0.119164
  0.460749  0.446538 -0.727471  0.549570 -0.774811  0.196316
  0.266316  0.158337 -0.919187  0.744003 -0.486611  0.388032
  0.135881 -0.216270 -0.935769  0.874439 -0.112004  0.404614
  0.520824  0.702087  0.420376  0.103588  0.157342 -0.951532
  0.183789  0.892558  0.332357  0.440622 -0.033129 -0.863513
 -0.118836  0.959011  0.084122  0.743248 -0.099581 -0.615278
 -0.305964  0.883639 -0.257815  0.930376 -0.024209 -0.273340
 -0.327454  0.686638 -0.601832  0.951866  0.172791  0.070677
 -0.177548  0.420795 -0.855750  0.801959  0.438634  0.324595
 -0.036869  0.940020  0.236437 -0.587542 -0.080591 -0.767593
  0.221981  0.942048 -0.064579 -0.846393 -0.082618 -0.466576
  0.337697  0.806796 -0.419454 -0.962108  0.052633 -0.111702
  0.279271  0.570506 -0.733097 -0.903683  0.288924  0.201941
  0.062360  0.296490 -0.921469 -0.686772  0.562939  0.390313
 -0.254916  0.058172 -0.934095 -0.369496  0.801257  0.402940
 -0.900389  0.301301  0.198537 -0.109930 -0.629574 -0.729693
 -0.807503  0.524720 -0.116224 -0.202816 -0.852993 -0.414931
 -0.633604  0.563560 -0.471005 -0.376715 -0.891834 -0.060150
 -0.425289  0.407415 -0.770742 -0.585031 -0.735688  0.239586
 -0.238374  0.098123 -0.935120 -0.771945 -0.426396  0.403965
 -0.122945 -0.281442 -0.920095 -0.887374 -0.046832  0.388940
  0.460181  0.613575 -0.593851 -0.460181 -0.613575 -0.593851
  0.091741  0.761462 -0.593851 -0.091741 -0.761462 -0.593851
 -0.301281  0.705316 -0.593851  0.301281 -0.705316 -0.593851
 -0.613575  0.460181 -0.593851  0.613575 -0.460181 -0.593851
 -0.761462  0.091741 -0.593851  0.761462 -0.091741 -0.593851
 -0.705316 -0.301281 -0.593851  0.705316  0.301281 -0.593851
